# JRE version: OpenJDK Runtime Environment (8.0_112-b06) (build 1.8.0_112-release-b06)
# Java VM: OpenJDK 64-Bit Server VM (25.112-b06 mixed mode linux-amd64 compressed oops)
Heap:
 PSYoungGen      total 115712K, used 3942K [0x00000000f5580000, 0x00000000ffb00000, 0x0000000100000000)
  eden space 60928K, 0% used [0x00000000f5580000,0x00000000f5580000,0x00000000f9100000)
  from space 54784K, 7% used [0x00000000f9100000,0x00000000f94d99d0,0x00000000fc680000)
  to   space 53248K, 0% used [0x00000000fc700000,0x00000000fc700000,0x00000000ffb00000)
 ParOldGen       total 349696K, used 331992K [0x00000000e0000000, 0x00000000f5580000, 0x00000000f5580000)
  object space 349696K, 94% used [0x00000000e0000000,0x00000000f4436298,0x00000000f5580000)
 Metaspace       used 56467K, capacity 57396K, committed 57600K, reserved 1101824K
  class space    used 5812K, capacity 6048K, committed 6144K, reserved 1048576K
GC Heap History (10 events):
Event: 5212.079 GC heap after
Heap after GC invocations=357 (full 8):
 PSYoungGen      total 116736K, used 33853K [0x00000000f5580000, 0x0000000100000000, 0x0000000100000000)
  eden space 58880K, 0% used [0x00000000f5580000,0x00000000f5580000,0x00000000f8f00000)
  from space 57856K, 58% used [0x00000000f8f00000,0x00000000fb00f740,0x00000000fc780000)
  to   space 57856K, 0% used [0x00000000fc780000,0x00000000fc780000,0x0000000100000000)
 ParOldGen       total 349696K, used 285335K [0x00000000e0000000, 0x00000000f5580000, 0x00000000f5580000)
  object space 349696K, 81% used [0x00000000e0000000,0x00000000f16a5c28,0x00000000f5580000)
 Metaspace       used 56464K, capacity 57396K, committed 57600K, reserved 1101824K
  class space    used 5812K, capacity 6048K, committed 6144K, reserved 1048576K
}
Event: 5212.370 GC heap before
{Heap before GC invocations=358 (full 8):
 PSYoungGen      total 116736K, used 92733K [0x00000000f5580000, 0x0000000100000000, 0x0000000100000000)
  eden space 58880K, 100% used [0x00000000f5580000,0x00000000f8f00000,0x00000000f8f00000)
  from space 57856K, 58% used [0x00000000f8f00000,0x00000000fb00f740,0x00000000fc780000)
  to   space 57856K, 0% used [0x00000000fc780000,0x00000000fc780000,0x0000000100000000)
 ParOldGen       total 349696K, used 285335K [0x00000000e0000000, 0x00000000f5580000, 0x00000000f5580000)
  object space 349696K, 81% used [0x00000000e0000000,0x00000000f16a5c28,0x00000000f5580000)
 Metaspace       used 56467K, capacity 57396K, committed 57600K, reserved 1101824K
  class space    used 5812K, capacity 6048K, committed 6144K, reserved 1048576K
Event: 5212.403 GC heap after
Heap after GC invocations=358 (full 8):
 PSYoungGen      total 116736K, used 24060K [0x00000000f5580000, 0x0000000100000000, 0x0000000100000000)
  eden space 58880K, 0% used [0x00000000f5580000,0x00000000f5580000,0x00000000f8f00000)
  from space 57856K, 41% used [0x00000000fc780000,0x00000000fdeff010,0x0000000100000000)
  to   space 57856K, 0% used [0x00000000f8f00000,0x00000000f8f00000,0x00000000fc780000)
 ParOldGen       total 349696K, used 300388K [0x00000000e0000000, 0x00000000f5580000, 0x00000000f5580000)
  object space 349696K, 85% used [0x00000000e0000000,0x00000000f2559220,0x00000000f5580000)
 Metaspace       used 56467K, capacity 57396K, committed 57600K, reserved 1101824K
  class space    used 5812K, capacity 6048K, committed 6144K, reserved 1048576K
}
Event: 5212.663 GC heap before
{Heap before GC invocations=359 (full 8):
 PSYoungGen      total 116736K, used 82940K [0x00000000f5580000, 0x0000000100000000, 0x0000000100000000)
  eden space 58880K, 100% used [0x00000000f5580000,0x00000000f8f00000,0x00000000f8f00000)
  from space 57856K, 41% used [0x00000000fc780000,0x00000000fdeff010,0x0000000100000000)
  to   space 57856K, 0% used [0x00000000f8f00000,0x00000000f8f00000,0x00000000fc780000)
 ParOldGen       total 349696K, used 300388K [0x00000000e0000000, 0x00000000f5580000, 0x00000000f5580000)
  object space 349696K, 85% used [0x00000000e0000000,0x00000000f2559220,0x00000000f5580000)
 Metaspace       used 56467K, capacity 57396K, committed 57600K, reserved 1101824K
  class space    used 5812K, capacity 6048K, committed 6144K, reserved 1048576K
Event: 5212.686 GC heap after
Heap after GC invocations=359 (full 8):
 PSYoungGen      total 72704K, used 13734K [0x00000000f5580000, 0x00000000ffe00000, 0x0000000100000000)
  eden space 58880K, 0% used [0x00000000f5580000,0x00000000f5580000,0x00000000f8f00000)
  from space 13824K, 99% used [0x00000000f8f00000,0x00000000f9c69b40,0x00000000f9c80000)
  to   space 56832K, 0% used [0x00000000fc680000,0x00000000fc680000,0x00000000ffe00000)
 ParOldGen       total 349696K, used 314627K [0x00000000e0000000, 0x00000000f5580000, 0x00000000f5580000)
  object space 349696K, 89% used [0x00000000e0000000,0x00000000f3340df8,0x00000000f5580000)
 Metaspace       used 56467K, capacity 57396K, committed 57600K, reserved 1101824K
  class space    used 5812K, capacity 6048K, committed 6144K, reserved 1048576K
}
Event: 5212.957 GC heap before
{Heap before GC invocations=360 (full 8):
 PSYoungGen      total 72704K, used 72614K [0x00000000f5580000, 0x00000000ffe00000, 0x0000000100000000)
  eden space 58880K, 100% used [0x00000000f5580000,0x00000000f8f00000,0x00000000f8f00000)
  from space 13824K, 99% used [0x00000000f8f00000,0x00000000f9c69b40,0x00000000f9c80000)
  to   space 56832K, 0% used [0x00000000fc680000,0x00000000fc680000,0x00000000ffe00000)
 ParOldGen       total 349696K, used 314627K [0x00000000e0000000, 0x00000000f5580000, 0x00000000f5580000)
  object space 349696K, 89% used [0x00000000e0000000,0x00000000f3340df8,0x00000000f5580000)
 Metaspace       used 56467K, capacity 57396K, committed 57600K, reserved 1101824K
  class space    used 5812K, capacity 6048K, committed 6144K, reserved 1048576K
Event: 5212.974 GC heap after
Heap after GC invocations=360 (full 8):
 PSYoungGen      total 117760K, used 9204K [0x00000000f5580000, 0x0000000100000000, 0x0000000100000000)
  eden space 60928K, 0% used [0x00000000f5580000,0x00000000f5580000,0x00000000f9100000)
  from space 56832K, 16% used [0x00000000fc680000,0x00000000fcf7d398,0x00000000ffe00000)
  to   space 54784K, 0% used [0x00000000f9100000,0x00000000f9100000,0x00000000fc680000)
 ParOldGen       total 349696K, used 323610K [0x00000000e0000000, 0x00000000f5580000, 0x00000000f5580000)
  object space 349696K, 92% used [0x00000000e0000000,0x00000000f3c06af8,0x00000000f5580000)
 Metaspace       used 56467K, capacity 57396K, committed 57600K, reserved 1101824K
  class space    used 5812K, capacity 6048K, committed 6144K, reserved 1048576K
}
Event: 5213.290 GC heap before
{Heap before GC invocations=361 (full 8):
 PSYoungGen      total 117760K, used 70132K [0x00000000f5580000, 0x0000000100000000, 0x0000000100000000)
  eden space 60928K, 100% used [0x00000000f5580000,0x00000000f9100000,0x00000000f9100000)
  from space 56832K, 16% used [0x00000000fc680000,0x00000000fcf7d398,0x00000000ffe00000)
  to   space 54784K, 0% used [0x00000000f9100000,0x00000000f9100000,0x00000000fc680000)
 ParOldGen       total 349696K, used 323610K [0x00000000e0000000, 0x00000000f5580000, 0x00000000f5580000)
  object space 349696K, 92% used [0x00000000e0000000,0x00000000f3c06af8,0x00000000f5580000)
 Metaspace       used 56467K, capacity 57396K, committed 57600K, reserved 1101824K
  class space    used 5812K, capacity 6048K, committed 6144K, reserved 1048576K
Event: 5213.315 GC heap after
Heap after GC invocations=361 (full 8):
 PSYoungGen      total 115712K, used 3942K [0x00000000f5580000, 0x00000000ffb00000, 0x0000000100000000)
  eden space 60928K, 0% used [0x00000000f5580000,0x00000000f5580000,0x00000000f9100000)
  from space 54784K, 7% used [0x00000000f9100000,0x00000000f94d99d0,0x00000000fc680000)
  to   space 53248K, 0% used [0x00000000fc700000,0x00000000fc700000,0x00000000ffb00000)
 ParOldGen       total 349696K, used 331992K [0x00000000e0000000, 0x00000000f5580000, 0x00000000f5580000)
  object space 349696K, 94% used [0x00000000e0000000,0x00000000f4436298,0x00000000f5580000)
 Metaspace       used 56467K, capacity 57396K, committed 57600K, reserved 1101824K
  class space    used 5812K, capacity 6048K, committed 6144K, reserved 1048576K
}
Event: 5213.315 GC heap before
{Heap before GC invocations=362 (full 9):
 PSYoungGen      total 115712K, used 3942K [0x00000000f5580000, 0x00000000ffb00000, 0x0000000100000000)
  eden space 60928K, 0% used [0x00000000f5580000,0x00000000f5580000,0x00000000f9100000)
  from space 54784K, 7% used [0x00000000f9100000,0x00000000f94d99d0,0x00000000fc680000)
  to   space 53248K, 0% used [0x00000000fc700000,0x00000000fc700000,0x00000000ffb00000)
 ParOldGen       total 349696K, used 331992K [0x00000000e0000000, 0x00000000f5580000, 0x00000000f5580000)
  object space 349696K, 94% used [0x00000000e0000000,0x00000000f4436298,0x00000000f5580000)
 Metaspace       used 56467K, capacity 57396K, committed 57600K, reserved 1101824K
  class space    used 5812K, capacity 6048K, committed 6144K, reserved 1048576K

