# JRE version: OpenJDK Runtime Environment (8.0_112-b06) (build 1.8.0_112-release-b06)
# Java VM: OpenJDK 64-Bit Server VM (25.112-b06 mixed mode linux-amd64 compressed oops)
Heap:
 PSYoungGen      total 61440K, used 48879K [0x00000000f5580000, 0x00000000ffc00000, 0x0000000100000000)
  eden space 60928K, 79% used [0x00000000f5580000,0x00000000f84d5b50,0x00000000f9100000)
  from space 512K, 79% used [0x00000000f9100000,0x00000000f91660f0,0x00000000f9180000)
  to   space 54784K, 0% used [0x00000000fc680000,0x00000000fc680000,0x00000000ffc00000)
 ParOldGen       total 258048K, used 221317K [0x00000000e0000000, 0x00000000efc00000, 0x00000000f5580000)
  object space 258048K, 85% used [0x00000000e0000000,0x00000000ed821680,0x00000000efc00000)
 Metaspace       used 73342K, capacity 76082K, committed 76456K, reserved 1116160K
  class space    used 9273K, capacity 9785K, committed 9904K, reserved 1048576K
GC Heap History (10 events):
Event: 1960.314 GC heap before
{Heap before GC invocations=33 (full 4):
 PSYoungGen      total 99328K, used 99323K [0x00000000f5580000, 0x0000000100000000, 0x0000000100000000)
  eden space 58880K, 100% used [0x00000000f5580000,0x00000000f8f00000,0x00000000f8f00000)
  from space 40448K, 99% used [0x00000000fd800000,0x00000000fff7eda8,0x00000000fff80000)
  to   space 57856K, 0% used [0x00000000f8f00000,0x00000000f8f00000,0x00000000fc780000)
 ParOldGen       total 258048K, used 167168K [0x00000000e0000000, 0x00000000efc00000, 0x00000000f5580000)
  object space 258048K, 64% used [0x00000000e0000000,0x00000000ea3400a8,0x00000000efc00000)
 Metaspace       used 73254K, capacity 75990K, committed 76200K, reserved 1116160K
  class space    used 9265K, capacity 9777K, committed 9904K, reserved 1048576K
Event: 1960.357 GC heap after
Heap after GC invocations=33 (full 4):
 PSYoungGen      total 116736K, used 3333K [0x00000000f5580000, 0x0000000100000000, 0x0000000100000000)
  eden space 58880K, 0% used [0x00000000f5580000,0x00000000f5580000,0x00000000f8f00000)
  from space 57856K, 5% used [0x00000000f8f00000,0x00000000f9241518,0x00000000fc780000)
  to   space 56320K, 0% used [0x00000000fc900000,0x00000000fc900000,0x0000000100000000)
 ParOldGen       total 258048K, used 206343K [0x00000000e0000000, 0x00000000efc00000, 0x00000000f5580000)
  object space 258048K, 79% used [0x00000000e0000000,0x00000000ec981c28,0x00000000efc00000)
 Metaspace       used 73254K, capacity 75990K, committed 76200K, reserved 1116160K
  class space    used 9265K, capacity 9777K, committed 9904K, reserved 1048576K
}
Event: 1960.561 GC heap before
{Heap before GC invocations=34 (full 4):
 PSYoungGen      total 116736K, used 61390K [0x00000000f5580000, 0x0000000100000000, 0x0000000100000000)
  eden space 58880K, 98% used [0x00000000f5580000,0x00000000f8e323a8,0x00000000f8f00000)
  from space 57856K, 5% used [0x00000000f8f00000,0x00000000f9241518,0x00000000fc780000)
  to   space 56320K, 0% used [0x00000000fc900000,0x00000000fc900000,0x0000000100000000)
 ParOldGen       total 258048K, used 206343K [0x00000000e0000000, 0x00000000efc00000, 0x00000000f5580000)
  object space 258048K, 79% used [0x00000000e0000000,0x00000000ec981c28,0x00000000efc00000)
 Metaspace       used 73259K, capacity 75990K, committed 76200K, reserved 1116160K
  class space    used 9265K, capacity 9777K, committed 9904K, reserved 1048576K
Event: 1960.588 GC heap after
Heap after GC invocations=34 (full 4):
 PSYoungGen      total 111104K, used 5296K [0x00000000f5580000, 0x00000000ffa80000, 0x0000000100000000)
  eden space 60416K, 0% used [0x00000000f5580000,0x00000000f5580000,0x00000000f9080000)
  from space 50688K, 10% used [0x00000000fc900000,0x00000000fce2c198,0x00000000ffa80000)
  to   space 54272K, 0% used [0x00000000f9080000,0x00000000f9080000,0x00000000fc580000)
 ParOldGen       total 258048K, used 209078K [0x00000000e0000000, 0x00000000efc00000, 0x00000000f5580000)
  object space 258048K, 81% used [0x00000000e0000000,0x00000000ecc2d820,0x00000000efc00000)
 Metaspace       used 73259K, capacity 75990K, committed 76200K, reserved 1116160K
  class space    used 9265K, capacity 9777K, committed 9904K, reserved 1048576K
}
Event: 1960.839 GC heap before
{Heap before GC invocations=35 (full 4):
 PSYoungGen      total 111104K, used 62586K [0x00000000f5580000, 0x00000000ffa80000, 0x0000000100000000)
  eden space 60416K, 94% used [0x00000000f5580000,0x00000000f8d728e0,0x00000000f9080000)
  from space 50688K, 10% used [0x00000000fc900000,0x00000000fce2c198,0x00000000ffa80000)
  to   space 54272K, 0% used [0x00000000f9080000,0x00000000f9080000,0x00000000fc580000)
 ParOldGen       total 258048K, used 209078K [0x00000000e0000000, 0x00000000efc00000, 0x00000000f5580000)
  object space 258048K, 81% used [0x00000000e0000000,0x00000000ecc2d820,0x00000000efc00000)
 Metaspace       used 73263K, capacity 75994K, committed 76200K, reserved 1116160K
  class space    used 9265K, capacity 9777K, committed 9904K, reserved 1048576K
Event: 1960.867 GC heap after
Heap after GC invocations=35 (full 4):
 PSYoungGen      total 114688K, used 34164K [0x00000000f5580000, 0x0000000100000000, 0x0000000100000000)
  eden space 60416K, 0% used [0x00000000f5580000,0x00000000f5580000,0x00000000f9080000)
  from space 54272K, 62% used [0x00000000f9080000,0x00000000fb1dd348,0x00000000fc580000)
  to   space 57344K, 0% used [0x00000000fc800000,0x00000000fc800000,0x0000000100000000)
 ParOldGen       total 258048K, used 209898K [0x00000000e0000000, 0x00000000efc00000, 0x00000000f5580000)
  object space 258048K, 81% used [0x00000000e0000000,0x00000000eccfa9d0,0x00000000efc00000)
 Metaspace       used 73263K, capacity 75994K, committed 76200K, reserved 1116160K
  class space    used 9265K, capacity 9777K, committed 9904K, reserved 1048576K
}
Event: 1960.991 GC heap before
{Heap before GC invocations=36 (full 4):
 PSYoungGen      total 114688K, used 94038K [0x00000000f5580000, 0x0000000100000000, 0x0000000100000000)
  eden space 60416K, 99% used [0x00000000f5580000,0x00000000f8ff8528,0x00000000f9080000)
  from space 54272K, 62% used [0x00000000f9080000,0x00000000fb1dd348,0x00000000fc580000)
  to   space 57344K, 0% used [0x00000000fc800000,0x00000000fc800000,0x0000000100000000)
 ParOldGen       total 258048K, used 209898K [0x00000000e0000000, 0x00000000efc00000, 0x00000000f5580000)
  object space 258048K, 81% used [0x00000000e0000000,0x00000000eccfa9d0,0x00000000efc00000)
 Metaspace       used 73278K, capacity 75994K, committed 76200K, reserved 1116160K
  class space    used 9265K, capacity 9777K, committed 9904K, reserved 1048576K
Event: 1960.999 GC heap after
Heap after GC invocations=36 (full 4):
 PSYoungGen      total 118272K, used 521K [0x00000000f5580000, 0x0000000100000000, 0x0000000100000000)
  eden space 60928K, 0% used [0x00000000f5580000,0x00000000f5580000,0x00000000f9100000)
  from space 57344K, 0% used [0x00000000fc800000,0x00000000fc882700,0x0000000100000000)
  to   space 56320K, 0% used [0x00000000f9100000,0x00000000f9100000,0x00000000fc800000)
 ParOldGen       total 258048K, used 221181K [0x00000000e0000000, 0x00000000efc00000, 0x00000000f5580000)
  object space 258048K, 85% used [0x00000000e0000000,0x00000000ed7ff4f8,0x00000000efc00000)
 Metaspace       used 73278K, capacity 75994K, committed 76200K, reserved 1116160K
  class space    used 9265K, capacity 9777K, committed 9904K, reserved 1048576K
}
Event: 1961.123 GC heap before
{Heap before GC invocations=37 (full 4):
 PSYoungGen      total 118272K, used 61449K [0x00000000f5580000, 0x0000000100000000, 0x0000000100000000)
  eden space 60928K, 100% used [0x00000000f5580000,0x00000000f9100000,0x00000000f9100000)
  from space 57344K, 0% used [0x00000000fc800000,0x00000000fc882700,0x0000000100000000)
  to   space 56320K, 0% used [0x00000000f9100000,0x00000000f9100000,0x00000000fc800000)
 ParOldGen       total 258048K, used 221181K [0x00000000e0000000, 0x00000000efc00000, 0x00000000f5580000)
  object space 258048K, 85% used [0x00000000e0000000,0x00000000ed7ff4f8,0x00000000efc00000)
 Metaspace       used 73285K, capacity 75994K, committed 76200K, reserved 1116160K
  class space    used 9265K, capacity 9777K, committed 9904K, reserved 1048576K
Event: 1961.144 GC heap after
Heap after GC invocations=37 (full 4):
 PSYoungGen      total 61440K, used 408K [0x00000000f5580000, 0x00000000ffc00000, 0x0000000100000000)
  eden space 60928K, 0% used [0x00000000f5580000,0x00000000f5580000,0x00000000f9100000)
  from space 512K, 79% used [0x00000000f9100000,0x00000000f91660f0,0x00000000f9180000)
  to   space 54784K, 0% used [0x00000000fc680000,0x00000000fc680000,0x00000000ffc00000)
 ParOldGen       total 258048K, used 221317K [0x00000000e0000000, 0x00000000efc00000, 0x00000000f5580000)
  object space 258048K, 85% used [0x00000000e0000000,0x00000000ed821680,0x00000000efc00000)
 Metaspace       used 73285K, capacity 75994K, committed 76200K, reserved 1116160K
  class space    used 9265K, capacity 9777K, committed 9904K, reserved 1048576K
}

